\BOOKMARK [-1][]{ctitle.-1}{\376\377\165\050\135\350\155\036\170\024\172\166\133\207\133\231\133\146}{}% 1
\BOOKMARK [0][]{thuchapter.1.0}{\376\377\144\130\000\040\211\201}{ctitle.-1}% 2
\BOOKMARK [0][]{thuchapter.2.0}{\376\377\000A\000b\000s\000t\000r\000a\000c\000t}{ctitle.-1}% 3
\BOOKMARK [0][]{thuchapter.3.0}{\376\377\166\356\000\040\137\125}{ctitle.-1}% 4
\BOOKMARK [0][]{thuchapter.4.0}{\376\377\116\073\211\201\173\046\123\367\133\371\161\147\210\150}{ctitle.-1}% 5
\BOOKMARK [0][]{chapter.1}{\376\377\173\054\0001\172\340\000\040\000\040\137\025\212\000}{ctitle.-1}% 6
\BOOKMARK [0][]{chapter.2}{\376\377\173\054\0002\172\340\000\040\000\040\221\315\133\120\130\360\154\342\143\057\203\141}{ctitle.-1}% 7
\BOOKMARK [1][-]{section.2.1}{\376\377\0002\000.\0001\000\040\137\025\212\000}{chapter.2}% 8
\BOOKMARK [1][-]{section.2.2}{\376\377\0002\000.\0002\000\040\221\315\147\204\000B\000A\000O\117\341\123\367}{chapter.2}% 9
\BOOKMARK [1][-]{section.2.3}{\376\377\0002\000.\0003\000\040\155\113\221\317\164\003\133\371\171\360\000B\000A\000O\117\341\123\367}{chapter.2}% 10
\BOOKMARK [2][-]{subsection.2.3.1}{\376\377\0002\000.\0003\000.\0001\000\040\142\337\124\010\166\370\121\163\121\375\145\160\166\204\164\006\213\272\152\041\127\213}{section.2.3}% 11
\BOOKMARK [2][-]{subsection.2.3.2}{\376\377\0002\000.\0003\000.\0002\000\040\123\117\145\271\135\356\167\351\226\065}{section.2.3}% 12
\BOOKMARK [0][]{chapter.3}{\376\377\173\054\0003\172\340\000\040\000\040\145\160\143\156\377\032\152\041\142\337\146\227\162\151\215\050\146\125\210\150\060\001\000S\000D\000S\000S\211\302\155\113\145\160\143\156\123\312\121\166\152\041\142\337\121\111\225\045\146\037\174\373\210\150}{ctitle.-1}% 13
\BOOKMARK [1][-]{section.3.1}{\376\377\0003\000.\0001\000\040\137\025\212\000}{chapter.3}% 14
\BOOKMARK [1][-]{section.3.2}{\376\377\0003\000.\0002\000\040\133\214\145\164\166\204\152\041\142\337\146\227\162\151\215\050\146\125\210\150}{chapter.3}% 15
\BOOKMARK [1][-]{section.3.3}{\376\377\0003\000.\0003\000\040\145\340\000B\000A\000O\166\204\133\214\145\164\166\204\152\041\142\337\146\227\162\151\215\050\146\125\210\150}{chapter.3}% 16
\BOOKMARK [1][-]{section.3.4}{\376\377\0003\000.\0004\000\040\000P\000A\000T\000C\000H\000Y\121\111\225\045\152\041\142\337\146\037\174\373\210\150}{chapter.3}% 17
\BOOKMARK [1][-]{section.3.5}{\376\377\0003\000.\0005\000\040\000B\000O\000S\000S\000/\000S\000D\000S\000S\000-\000I\000I\000I\000\040\000C\000M\000A\000S\000S\000\040\000D\000R\0001\0001\146\037\174\373\210\150}{chapter.3}% 18
\BOOKMARK [0][]{chapter.4}{\376\377\173\054\0004\172\340\000\040\000\040\133\373\142\176\135\350\155\036\123\312\135\350\155\036\166\204\176\337\213\241\140\047\215\050}{ctitle.-1}% 19
\BOOKMARK [1][-]{section.4.1}{\376\377\0004\000.\0001\000\040\137\025\212\000}{chapter.4}% 20
\BOOKMARK [1][-]{section.4.2}{\376\377\0004\000.\0002\000\040\000D\000I\000V\000E\377\032\000D\000e\000l\000a\000u\000n\000a\000y\000\040\000t\000r\000I\000a\000n\000g\000u\000l\000a\000t\000i\000o\000n\000\040\000V\000o\000i\000d\000\040\000f\000i\000n\000d\000E\000r}{chapter.4}% 21
\BOOKMARK [1][-]{section.4.3}{\376\377\0004\000.\0003\000\040\135\350\155\036\166\204\145\160\133\306\136\246}{chapter.4}% 22
\BOOKMARK [1][-]{section.4.4}{\376\377\0004\000.\0004\000\040\135\350\155\036\116\055\137\303\127\050\172\172\225\364\116\055\166\204\122\006\136\003}{chapter.4}% 23
\BOOKMARK [1][-]{section.4.5}{\376\377\0004\000.\0005\000\040\135\350\155\036\226\104\217\321\166\204\162\151\215\050\133\306\136\246\122\006\136\003}{chapter.4}% 24
\BOOKMARK [2][-]{subsection.4.5.1}{\376\377\0004\000.\0005\000.\0001\000\040\135\350\155\036\116\055\137\303\166\204\162\151\215\050\133\306\136\246}{section.4.5}% 25
\BOOKMARK [2][-]{subsection.4.5.2}{\376\377\0004\000.\0005\000.\0002\000\040\135\350\155\036\166\204\162\151\215\050\133\306\136\246\217\156\136\323}{section.4.5}% 26
\BOOKMARK [1][-]{section.4.6}{\376\377\0004\000.\0006\000\040\000D\000T\135\350\155\036\166\204\122\250\122\233\133\146\162\171\137\201}{chapter.4}% 27
\BOOKMARK [1][-]{section.4.7}{\376\377\0004\000.\0007\000\040\000D\000T\135\350\155\036\166\204\000b\000i\000a\000s}{chapter.4}% 28
\BOOKMARK [0][]{chapter.5}{\376\377\173\054\0005\172\340\000\040\000\040\165\050\135\350\155\036\143\242\155\113\221\315\133\120\130\360\154\342\143\057\203\141\117\341\123\367}{ctitle.-1}% 29
\BOOKMARK [1][-]{section.5.1}{\376\377\0005\000.\0001\000\040\137\025\212\000}{chapter.5}% 30
\BOOKMARK [1][-]{section.5.2}{\376\377\0005\000.\0002\000\040\135\350\155\036\127\050\133\214\145\164\152\041\142\337\146\227\162\151\215\050\146\125\210\150\221\314\166\204\000B\000A\000O\117\341\123\367}{chapter.5}% 31
\BOOKMARK [2][-]{subsection.5.2.1}{\376\377\0005\000.\0002\000.\0001\000\040\155\113\221\317\133\214\145\164\152\041\142\337\146\227\162\151\215\050\146\125\210\150\121\205\135\350\155\036\166\204\0002\000P\000C\000F}{section.5.2}% 32
\BOOKMARK [2][-]{subsection.5.2.2}{\376\377\0005\000.\0002\000.\0002\000\040\116\015\117\235\215\126\121\167\117\123\152\041\127\213\166\204\117\060\213\241\000B\000A\000O\117\341\123\367\146\076\204\127\140\047\166\204\145\271\154\325}{section.5.2}% 33
\BOOKMARK [2][-]{subsection.5.2.3}{\376\377\0005\000.\0002\000.\0003\000\040\133\214\145\164\152\041\142\337\146\227\162\151\215\050\146\125\210\150\121\205\155\113\221\317\135\350\155\036\000B\000A\000O\117\341\123\367\166\204\147\000\117\163\133\120\150\067\147\054}{section.5.2}% 34
\BOOKMARK [2][-]{subsection.5.2.4}{\376\377\0005\000.\0002\000.\0004\000\040\122\006\147\220\176\242\171\373\172\172\225\364\133\214\145\164\152\041\142\337\146\227\162\151\215\050\146\125\210\150\116\015\124\014\150\067\147\054\166\204\116\222\166\370\121\163\121\375\145\160}{section.5.2}% 35
\BOOKMARK [2][-]{subsection.5.2.5}{\376\377\0005\000.\0002\000.\0005\000\040\165\050\116\015\124\053\000B\000A\000O\166\204\133\236\172\172\225\364\133\214\145\164\152\041\142\337\146\227\162\151\215\050\146\125\210\150\170\024\172\166\135\350\155\036\000B\000A\000O\117\341\123\367}{section.5.2}% 36
\BOOKMARK [2][-]{subsection.5.2.6}{\376\377\0005\000.\0002\000.\0006\000\040\133\236\172\172\225\364\133\214\145\164\152\041\142\337\146\227\162\151\215\050\146\125\210\150\121\205\116\015\221\315\123\340\166\204\135\350\155\036\150\067\147\054}{section.5.2}% 37
\BOOKMARK [1][-]{section.5.3}{\376\377\0005\000.\0003\000\040\165\050\152\041\142\337\121\111\225\045\146\037\174\373\210\150\170\024\172\166\135\350\155\036\166\204\000B\000A\000O\117\341\123\367}{chapter.5}% 38
\BOOKMARK [2][-]{subsection.5.3.1}{\376\377\0005\000.\0003\000.\0001\000\040\147\204\136\372\152\041\142\337\121\111\225\045\146\037\174\373\210\150\166\204\135\350\155\036\145\160\143\156}{section.5.3}% 39
\BOOKMARK [2][-]{subsection.5.3.2}{\376\377\0005\000.\0003\000.\0002\000\040\155\113\221\317\152\041\142\337\121\111\225\045\146\037\174\373\210\150\135\350\155\036\145\160\143\156\166\204\0002\000P\000C\000F}{section.5.3}% 40
\BOOKMARK [2][-]{subsection.5.3.3}{\376\377\0005\000.\0003\000.\0003\000\040\152\041\142\337\121\111\225\045\146\037\174\373\210\150\121\205\155\113\221\317\135\350\155\036\000B\000A\000O\117\341\123\367\166\204\147\000\117\163\133\120\150\067\147\054}{section.5.3}% 41
\BOOKMARK [1][-]{section.5.4}{\376\377\0005\000.\0004\000\040\000B\000O\000S\000S\000/\000S\000D\000S\000S\000-\000I\000I\000I\000\040\000C\000M\000A\000S\000S\000\040\000D\000R\0001\0001\150\067\147\054\166\204\135\350\155\036\000B\000A\000O\117\341\123\367}{chapter.5}% 42
\BOOKMARK [0][]{chapter.6}{\376\377\173\054\0006\172\340\000\040\000\040\140\073\176\323\116\016\213\250\213\272}{ctitle.-1}% 43
\BOOKMARK [1][-]{section.6.1}{\376\377\0006\000.\0001\000\040\140\073\176\323}{chapter.6}% 44
\BOOKMARK [1][-]{section.6.2}{\376\377\0006\000.\0002\000\040\213\250\213\272}{chapter.6}% 45
\BOOKMARK [0][]{section*.41}{\376\377\123\302\200\003\145\207\163\056}{ctitle.-1}% 46
\BOOKMARK [0][]{section*.43}{\376\377\201\364\000\040\214\042}{ctitle.-1}% 47
\BOOKMARK [0][]{section*.45}{\376\377\130\360\000\040\146\016}{ctitle.-1}% 48
\BOOKMARK [0][]{section*.47}{\376\377\116\052\116\272\173\200\123\206\060\001\127\050\133\146\147\037\225\364\123\321\210\150\166\204\133\146\147\057\213\272\145\207\116\016\170\024\172\166\142\020\147\234}{ctitle.-1}% 49
